The target system is: Arduino -  - 
The host system is: Linux - 5.11.0-34-generic - x86_64
Compiling the C compiler identification source file "CMakeCCompilerId.c" succeeded.
Compiler: /home/tanuq/dev/arduino-1.8.16/hardware/tools/avr/bin/avr-gcc 
Build flags: 
Id flags:  

The output was:
0


Compilation of the C compiler identification source "CMakeCCompilerId.c" produced "a.out"

The C compiler identification is GNU, found in "/home/tanuq/dev/asao/cmake-build-release/CMakeFiles/3.20.2/CompilerIdC/a.out"

Compiling the CXX compiler identification source file "CMakeCXXCompilerId.cpp" succeeded.
Compiler: /home/tanuq/dev/arduino-1.8.16/hardware/tools/avr/bin/avr-g++ 
Build flags: 
Id flags:  

The output was:
0


Compilation of the CXX compiler identification source "CMakeCXXCompilerId.cpp" produced "a.out"

The CXX compiler identification is GNU, found in "/home/tanuq/dev/asao/cmake-build-release/CMakeFiles/3.20.2/CompilerIdCXX/a.out"

Detecting C compiler ABI info compiled with the following output:
Change Dir: /home/tanuq/dev/asao/cmake-build-release/CMakeFiles/CMakeTmp

Run Build Command(s):/usr/bin/gmake -f Makefile cmTC_20bd3/fast && /usr/bin/gmake  -f CMakeFiles/cmTC_20bd3.dir/build.make CMakeFiles/cmTC_20bd3.dir/build
gmake[1]: Entering directory '/home/tanuq/dev/asao/cmake-build-release/CMakeFiles/CMakeTmp'
Building C object CMakeFiles/cmTC_20bd3.dir/CMakeCCompilerABI.c.o
/home/tanuq/dev/arduino-1.8.16/hardware/tools/avr/bin/avr-gcc  -c -g -Os -w -std=gnu11 -ffunction-sections -fdata-sections -MMD -flto -fno-fat-lto-objects -mmcu=atmega328p -DF_CPU=16000000L -DARDUINO=108016 -DARDUINO_AVR_UNO -DARDUINO_ARCH_AVR     -v /home/tanuq/dev/clion-2021.2.1/bin/cmake/linux/share/cmake-3.20/Modules/CMakeCCompilerABI.c -o CMakeFiles/cmTC_20bd3.dir/CMakeCCompilerABI.c.o
Using built-in specs.
Reading specs from /home/tanuq/dev/arduino-1.8.16/hardware/tools/avr/bin/../lib/gcc/avr/7.3.0/device-specs/specs-atmega328p
COLLECT_GCC=/home/tanuq/dev/arduino-1.8.16/hardware/tools/avr/bin/avr-gcc
Target: avr
Configured with: ../gcc/configure --enable-fixed-point --enable-languages=c,c++ --prefix=/home/jenkins/workspace/avr-gcc-staging/label/debian7-x86_64/objdir --disable-nls --disable-libssp --disable-libada --disable-shared --with-avrlibc=yes --with-dwarf2 --disable-doc --target=avr
Thread model: single
gcc version 7.3.0 (GCC) 
COLLECT_GCC_OPTIONS='-c' '-g' '-Os' '-w' '-std=gnu11' '-ffunction-sections' '-fdata-sections' '-MMD' '-flto' '-fno-fat-lto-objects'  '-D' 'F_CPU=16000000L' '-D' 'ARDUINO=108016' '-D' 'ARDUINO_AVR_UNO' '-D' 'ARDUINO_ARCH_AVR' '-v' '-o' 'CMakeFiles/cmTC_20bd3.dir/CMakeCCompilerABI.c.o' '-specs=device-specs/specs-atmega328p' '-mmcu=avr5'
 /home/tanuq/dev/arduino-1.8.16/hardware/tools/avr/bin/../libexec/gcc/avr/7.3.0/cc1 -quiet -v -imultilib avr5 -iprefix /home/tanuq/dev/arduino-1.8.16/hardware/tools/avr/bin/../lib/gcc/avr/7.3.0/ -MMD CMakeFiles/cmTC_20bd3.dir/CMakeCCompilerABI.c.d -MQ CMakeFiles/cmTC_20bd3.dir/CMakeCCompilerABI.c.o -D__AVR_ATmega328P__ -D__AVR_DEVICE_NAME__=atmega328p -D F_CPU=16000000L -D ARDUINO=108016 -D ARDUINO_AVR_UNO -D ARDUINO_ARCH_AVR /home/tanuq/dev/clion-2021.2.1/bin/cmake/linux/share/cmake-3.20/Modules/CMakeCCompilerABI.c -mn-flash=1 -mno-skip-bug -quiet -dumpbase CMakeCCompilerABI.c -mmcu=avr5 -auxbase-strip CMakeFiles/cmTC_20bd3.dir/CMakeCCompilerABI.c.o -g -Os -w -std=gnu11 -version -ffunction-sections -fdata-sections -flto -fno-fat-lto-objects -o /tmp/ccXB1CHu.s
GNU C11 (GCC) version 7.3.0 (avr)
	compiled by GNU C version 4.7.2, GMP version 5.0.2, MPFR version 3.1.0, MPC version 0.9, isl version none
GGC heuristics: --param ggc-min-expand=100 --param ggc-min-heapsize=131072
ignoring nonexistent directory "/home/tanuq/dev/arduino-1.8.16/hardware/tools/avr/bin/../lib/gcc/avr/7.3.0/../../../../avr/sys-include"
ignoring duplicate directory "/home/tanuq/dev/arduino-1.8.16/hardware/tools/avr/bin/../lib/gcc/../../lib/gcc/avr/7.3.0/include"
ignoring duplicate directory "/home/tanuq/dev/arduino-1.8.16/hardware/tools/avr/bin/../lib/gcc/../../lib/gcc/avr/7.3.0/include-fixed"
ignoring nonexistent directory "/home/tanuq/dev/arduino-1.8.16/hardware/tools/avr/bin/../lib/gcc/../../lib/gcc/avr/7.3.0/../../../../avr/sys-include"
ignoring duplicate directory "/home/tanuq/dev/arduino-1.8.16/hardware/tools/avr/bin/../lib/gcc/../../lib/gcc/avr/7.3.0/../../../../avr/include"
#include "..." search starts here:
#include <...> search starts here:
 /home/tanuq/dev/arduino-1.8.16/hardware/tools/avr/bin/../lib/gcc/avr/7.3.0/include
 /home/tanuq/dev/arduino-1.8.16/hardware/tools/avr/bin/../lib/gcc/avr/7.3.0/include-fixed
 /home/tanuq/dev/arduino-1.8.16/hardware/tools/avr/bin/../lib/gcc/avr/7.3.0/../../../../avr/include
End of search list.
GNU C11 (GCC) version 7.3.0 (avr)
	compiled by GNU C version 4.7.2, GMP version 5.0.2, MPFR version 3.1.0, MPC version 0.9, isl version none
GGC heuristics: --param ggc-min-expand=100 --param ggc-min-heapsize=131072
Compiler executable checksum: f1a5be5edc2698bbea3030b94defb7b4
COLLECT_GCC_OPTIONS='-c' '-g' '-Os' '-w' '-std=gnu11' '-ffunction-sections' '-fdata-sections' '-MMD' '-flto' '-fno-fat-lto-objects'  '-D' 'F_CPU=16000000L' '-D' 'ARDUINO=108016' '-D' 'ARDUINO_AVR_UNO' '-D' 'ARDUINO_ARCH_AVR' '-v' '-o' 'CMakeFiles/cmTC_20bd3.dir/CMakeCCompilerABI.c.o' '-specs=device-specs/specs-atmega328p' '-mmcu=avr5'
 /home/tanuq/dev/arduino-1.8.16/hardware/tools/avr/bin/../lib/gcc/avr/7.3.0/../../../../avr/bin/as -mmcu=avr5 -mno-skip-bug -o CMakeFiles/cmTC_20bd3.dir/CMakeCCompilerABI.c.o /tmp/ccXB1CHu.s
COMPILER_PATH=/home/tanuq/dev/arduino-1.8.16/hardware/tools/avr/bin/../libexec/gcc/avr/7.3.0/:/home/tanuq/dev/arduino-1.8.16/hardware/tools/avr/bin/../libexec/gcc/:/home/tanuq/dev/arduino-1.8.16/hardware/tools/avr/bin/../lib/gcc/avr/7.3.0/../../../../avr/bin/
LIBRARY_PATH=/home/tanuq/dev/arduino-1.8.16/hardware/tools/avr/bin/../lib/gcc/avr/7.3.0/avr5/:/home/tanuq/dev/arduino-1.8.16/hardware/tools/avr/bin/../lib/gcc/avr/7.3.0/../../../../avr/lib/avr5/:/home/tanuq/dev/arduino-1.8.16/hardware/tools/avr/bin/../lib/gcc/avr/7.3.0/:/home/tanuq/dev/arduino-1.8.16/hardware/tools/avr/bin/../lib/gcc/:/home/tanuq/dev/arduino-1.8.16/hardware/tools/avr/bin/../lib/gcc/avr/7.3.0/../../../../avr/lib/
COLLECT_GCC_OPTIONS='-c' '-g' '-Os' '-w' '-std=gnu11' '-ffunction-sections' '-fdata-sections' '-MMD' '-flto' '-fno-fat-lto-objects'  '-D' 'F_CPU=16000000L' '-D' 'ARDUINO=108016' '-D' 'ARDUINO_AVR_UNO' '-D' 'ARDUINO_ARCH_AVR' '-v' '-o' 'CMakeFiles/cmTC_20bd3.dir/CMakeCCompilerABI.c.o' '-specs=device-specs/specs-atmega328p' '-mmcu=avr5'
Linking C static library libcmTC_20bd3.a
/home/tanuq/dev/clion-2021.2.1/bin/cmake/linux/bin/cmake -P CMakeFiles/cmTC_20bd3.dir/cmake_clean_target.cmake
/home/tanuq/dev/clion-2021.2.1/bin/cmake/linux/bin/cmake -E cmake_link_script CMakeFiles/cmTC_20bd3.dir/link.txt --verbose=1
/home/tanuq/dev/arduino-1.8.16/hardware/tools/avr/bin/avr-gcc-ar  rcs  libcmTC_20bd3.a CMakeFiles/cmTC_20bd3.dir/CMakeCCompilerABI.c.o
gmake[1]: Leaving directory '/home/tanuq/dev/asao/cmake-build-release/CMakeFiles/CMakeTmp'



Parsed C implicit include dir info from above output: rv=done
  found start of include info
  found start of implicit include info
    add: [/home/tanuq/dev/arduino-1.8.16/hardware/tools/avr/bin/../lib/gcc/avr/7.3.0/include]
    add: [/home/tanuq/dev/arduino-1.8.16/hardware/tools/avr/bin/../lib/gcc/avr/7.3.0/include-fixed]
    add: [/home/tanuq/dev/arduino-1.8.16/hardware/tools/avr/bin/../lib/gcc/avr/7.3.0/../../../../avr/include]
  end of search list found
  collapse include dir [/home/tanuq/dev/arduino-1.8.16/hardware/tools/avr/bin/../lib/gcc/avr/7.3.0/include] ==> [/home/tanuq/dev/arduino-1.8.16/hardware/tools/avr/lib/gcc/avr/7.3.0/include]
  collapse include dir [/home/tanuq/dev/arduino-1.8.16/hardware/tools/avr/bin/../lib/gcc/avr/7.3.0/include-fixed] ==> [/home/tanuq/dev/arduino-1.8.16/hardware/tools/avr/lib/gcc/avr/7.3.0/include-fixed]
  collapse include dir [/home/tanuq/dev/arduino-1.8.16/hardware/tools/avr/bin/../lib/gcc/avr/7.3.0/../../../../avr/include] ==> [/home/tanuq/dev/arduino-1.8.16/hardware/tools/avr/avr/include]
  implicit include dirs: [/home/tanuq/dev/arduino-1.8.16/hardware/tools/avr/lib/gcc/avr/7.3.0/include;/home/tanuq/dev/arduino-1.8.16/hardware/tools/avr/lib/gcc/avr/7.3.0/include-fixed;/home/tanuq/dev/arduino-1.8.16/hardware/tools/avr/avr/include]


Parsed C implicit link information from above output:
  link line regex: [^( *|.*[/\])(avr-ld|CMAKE_LINK_STARTFILE-NOTFOUND|([^/\]+-)?ld|collect2)[^/\]*( |$)]
  ignore line: [Change Dir: /home/tanuq/dev/asao/cmake-build-release/CMakeFiles/CMakeTmp]
  ignore line: []
  ignore line: [Run Build Command(s):/usr/bin/gmake -f Makefile cmTC_20bd3/fast && /usr/bin/gmake  -f CMakeFiles/cmTC_20bd3.dir/build.make CMakeFiles/cmTC_20bd3.dir/build]
  ignore line: [gmake[1]: Entering directory '/home/tanuq/dev/asao/cmake-build-release/CMakeFiles/CMakeTmp']
  ignore line: [Building C object CMakeFiles/cmTC_20bd3.dir/CMakeCCompilerABI.c.o]
  ignore line: [/home/tanuq/dev/arduino-1.8.16/hardware/tools/avr/bin/avr-gcc  -c -g -Os -w -std=gnu11 -ffunction-sections -fdata-sections -MMD -flto -fno-fat-lto-objects -mmcu=atmega328p -DF_CPU=16000000L -DARDUINO=108016 -DARDUINO_AVR_UNO -DARDUINO_ARCH_AVR     -v /home/tanuq/dev/clion-2021.2.1/bin/cmake/linux/share/cmake-3.20/Modules/CMakeCCompilerABI.c -o CMakeFiles/cmTC_20bd3.dir/CMakeCCompilerABI.c.o]
  ignore line: [Using built-in specs.]
  ignore line: [Reading specs from /home/tanuq/dev/arduino-1.8.16/hardware/tools/avr/bin/../lib/gcc/avr/7.3.0/device-specs/specs-atmega328p]
  ignore line: [COLLECT_GCC=/home/tanuq/dev/arduino-1.8.16/hardware/tools/avr/bin/avr-gcc]
  ignore line: [Target: avr]
  ignore line: [Configured with: ../gcc/configure --enable-fixed-point --enable-languages=c c++ --prefix=/home/jenkins/workspace/avr-gcc-staging/label/debian7-x86_64/objdir --disable-nls --disable-libssp --disable-libada --disable-shared --with-avrlibc=yes --with-dwarf2 --disable-doc --target=avr]
  ignore line: [Thread model: single]
  ignore line: [gcc version 7.3.0 (GCC) ]
  ignore line: [COLLECT_GCC_OPTIONS='-c' '-g' '-Os' '-w' '-std=gnu11' '-ffunction-sections' '-fdata-sections' '-MMD' '-flto' '-fno-fat-lto-objects'  '-D' 'F_CPU=16000000L' '-D' 'ARDUINO=108016' '-D' 'ARDUINO_AVR_UNO' '-D' 'ARDUINO_ARCH_AVR' '-v' '-o' 'CMakeFiles/cmTC_20bd3.dir/CMakeCCompilerABI.c.o' '-specs=device-specs/specs-atmega328p' '-mmcu=avr5']
  ignore line: [ /home/tanuq/dev/arduino-1.8.16/hardware/tools/avr/bin/../libexec/gcc/avr/7.3.0/cc1 -quiet -v -imultilib avr5 -iprefix /home/tanuq/dev/arduino-1.8.16/hardware/tools/avr/bin/../lib/gcc/avr/7.3.0/ -MMD CMakeFiles/cmTC_20bd3.dir/CMakeCCompilerABI.c.d -MQ CMakeFiles/cmTC_20bd3.dir/CMakeCCompilerABI.c.o -D__AVR_ATmega328P__ -D__AVR_DEVICE_NAME__=atmega328p -D F_CPU=16000000L -D ARDUINO=108016 -D ARDUINO_AVR_UNO -D ARDUINO_ARCH_AVR /home/tanuq/dev/clion-2021.2.1/bin/cmake/linux/share/cmake-3.20/Modules/CMakeCCompilerABI.c -mn-flash=1 -mno-skip-bug -quiet -dumpbase CMakeCCompilerABI.c -mmcu=avr5 -auxbase-strip CMakeFiles/cmTC_20bd3.dir/CMakeCCompilerABI.c.o -g -Os -w -std=gnu11 -version -ffunction-sections -fdata-sections -flto -fno-fat-lto-objects -o /tmp/ccXB1CHu.s]
  ignore line: [GNU C11 (GCC) version 7.3.0 (avr)]
  ignore line: [	compiled by GNU C version 4.7.2  GMP version 5.0.2  MPFR version 3.1.0  MPC version 0.9  isl version none]
  ignore line: [GGC heuristics: --param ggc-min-expand=100 --param ggc-min-heapsize=131072]
  ignore line: [ignoring nonexistent directory "/home/tanuq/dev/arduino-1.8.16/hardware/tools/avr/bin/../lib/gcc/avr/7.3.0/../../../../avr/sys-include"]
  ignore line: [ignoring duplicate directory "/home/tanuq/dev/arduino-1.8.16/hardware/tools/avr/bin/../lib/gcc/../../lib/gcc/avr/7.3.0/include"]
  ignore line: [ignoring duplicate directory "/home/tanuq/dev/arduino-1.8.16/hardware/tools/avr/bin/../lib/gcc/../../lib/gcc/avr/7.3.0/include-fixed"]
  ignore line: [ignoring nonexistent directory "/home/tanuq/dev/arduino-1.8.16/hardware/tools/avr/bin/../lib/gcc/../../lib/gcc/avr/7.3.0/../../../../avr/sys-include"]
  ignore line: [ignoring duplicate directory "/home/tanuq/dev/arduino-1.8.16/hardware/tools/avr/bin/../lib/gcc/../../lib/gcc/avr/7.3.0/../../../../avr/include"]
  ignore line: [#include "..." search starts here:]
  ignore line: [#include <...> search starts here:]
  ignore line: [ /home/tanuq/dev/arduino-1.8.16/hardware/tools/avr/bin/../lib/gcc/avr/7.3.0/include]
  ignore line: [ /home/tanuq/dev/arduino-1.8.16/hardware/tools/avr/bin/../lib/gcc/avr/7.3.0/include-fixed]
  ignore line: [ /home/tanuq/dev/arduino-1.8.16/hardware/tools/avr/bin/../lib/gcc/avr/7.3.0/../../../../avr/include]
  ignore line: [End of search list.]
  ignore line: [GNU C11 (GCC) version 7.3.0 (avr)]
  ignore line: [	compiled by GNU C version 4.7.2  GMP version 5.0.2  MPFR version 3.1.0  MPC version 0.9  isl version none]
  ignore line: [GGC heuristics: --param ggc-min-expand=100 --param ggc-min-heapsize=131072]
  ignore line: [Compiler executable checksum: f1a5be5edc2698bbea3030b94defb7b4]
  ignore line: [COLLECT_GCC_OPTIONS='-c' '-g' '-Os' '-w' '-std=gnu11' '-ffunction-sections' '-fdata-sections' '-MMD' '-flto' '-fno-fat-lto-objects'  '-D' 'F_CPU=16000000L' '-D' 'ARDUINO=108016' '-D' 'ARDUINO_AVR_UNO' '-D' 'ARDUINO_ARCH_AVR' '-v' '-o' 'CMakeFiles/cmTC_20bd3.dir/CMakeCCompilerABI.c.o' '-specs=device-specs/specs-atmega328p' '-mmcu=avr5']
  ignore line: [ /home/tanuq/dev/arduino-1.8.16/hardware/tools/avr/bin/../lib/gcc/avr/7.3.0/../../../../avr/bin/as -mmcu=avr5 -mno-skip-bug -o CMakeFiles/cmTC_20bd3.dir/CMakeCCompilerABI.c.o /tmp/ccXB1CHu.s]
  ignore line: [COMPILER_PATH=/home/tanuq/dev/arduino-1.8.16/hardware/tools/avr/bin/../libexec/gcc/avr/7.3.0/:/home/tanuq/dev/arduino-1.8.16/hardware/tools/avr/bin/../libexec/gcc/:/home/tanuq/dev/arduino-1.8.16/hardware/tools/avr/bin/../lib/gcc/avr/7.3.0/../../../../avr/bin/]
  ignore line: [LIBRARY_PATH=/home/tanuq/dev/arduino-1.8.16/hardware/tools/avr/bin/../lib/gcc/avr/7.3.0/avr5/:/home/tanuq/dev/arduino-1.8.16/hardware/tools/avr/bin/../lib/gcc/avr/7.3.0/../../../../avr/lib/avr5/:/home/tanuq/dev/arduino-1.8.16/hardware/tools/avr/bin/../lib/gcc/avr/7.3.0/:/home/tanuq/dev/arduino-1.8.16/hardware/tools/avr/bin/../lib/gcc/:/home/tanuq/dev/arduino-1.8.16/hardware/tools/avr/bin/../lib/gcc/avr/7.3.0/../../../../avr/lib/]
  ignore line: [COLLECT_GCC_OPTIONS='-c' '-g' '-Os' '-w' '-std=gnu11' '-ffunction-sections' '-fdata-sections' '-MMD' '-flto' '-fno-fat-lto-objects'  '-D' 'F_CPU=16000000L' '-D' 'ARDUINO=108016' '-D' 'ARDUINO_AVR_UNO' '-D' 'ARDUINO_ARCH_AVR' '-v' '-o' 'CMakeFiles/cmTC_20bd3.dir/CMakeCCompilerABI.c.o' '-specs=device-specs/specs-atmega328p' '-mmcu=avr5']
  ignore line: [Linking C static library libcmTC_20bd3.a]
  ignore line: [/home/tanuq/dev/clion-2021.2.1/bin/cmake/linux/bin/cmake -P CMakeFiles/cmTC_20bd3.dir/cmake_clean_target.cmake]
  ignore line: [/home/tanuq/dev/clion-2021.2.1/bin/cmake/linux/bin/cmake -E cmake_link_script CMakeFiles/cmTC_20bd3.dir/link.txt --verbose=1]
  ignore line: [/home/tanuq/dev/arduino-1.8.16/hardware/tools/avr/bin/avr-gcc-ar  rcs  libcmTC_20bd3.a CMakeFiles/cmTC_20bd3.dir/CMakeCCompilerABI.c.o]
  ignore line: [gmake[1]: Leaving directory '/home/tanuq/dev/asao/cmake-build-release/CMakeFiles/CMakeTmp']
  ignore line: []
  ignore line: []
  implicit libs: []
  implicit objs: []
  implicit dirs: []
  implicit fwks: []


Detecting CXX compiler ABI info compiled with the following output:
Change Dir: /home/tanuq/dev/asao/cmake-build-release/CMakeFiles/CMakeTmp

Run Build Command(s):/usr/bin/gmake -f Makefile cmTC_ebf5d/fast && /usr/bin/gmake  -f CMakeFiles/cmTC_ebf5d.dir/build.make CMakeFiles/cmTC_ebf5d.dir/build
gmake[1]: Entering directory '/home/tanuq/dev/asao/cmake-build-release/CMakeFiles/CMakeTmp'
Building CXX object CMakeFiles/cmTC_ebf5d.dir/CMakeCXXCompilerABI.cpp.o
/home/tanuq/dev/arduino-1.8.16/hardware/tools/avr/bin/avr-g++  -c -g -Os -w -std=gnu++11 -fpermissive -fno-exceptions -ffunction-sections -fdata-sections -fno-threadsafe-statics -Wno-error=narrowing -MMD -flto -mmcu=atmega328p -DF_CPU=16000000L -DARDUINO=108016 -DARDUINO_AVR_UNO -DARDUINO_ARCH_AVR     -v /home/tanuq/dev/clion-2021.2.1/bin/cmake/linux/share/cmake-3.20/Modules/CMakeCXXCompilerABI.cpp -o CMakeFiles/cmTC_ebf5d.dir/CMakeCXXCompilerABI.cpp.o
Using built-in specs.
Reading specs from /home/tanuq/dev/arduino-1.8.16/hardware/tools/avr/bin/../lib/gcc/avr/7.3.0/device-specs/specs-atmega328p
COLLECT_GCC=/home/tanuq/dev/arduino-1.8.16/hardware/tools/avr/bin/avr-g++
Target: avr
Configured with: ../gcc/configure --enable-fixed-point --enable-languages=c,c++ --prefix=/home/jenkins/workspace/avr-gcc-staging/label/debian7-x86_64/objdir --disable-nls --disable-libssp --disable-libada --disable-shared --with-avrlibc=yes --with-dwarf2 --disable-doc --target=avr
Thread model: single
gcc version 7.3.0 (GCC) 
COLLECT_GCC_OPTIONS='-c' '-g' '-Os' '-w' '-std=gnu++11' '-fpermissive' '-fno-exceptions' '-ffunction-sections' '-fdata-sections' '-fno-threadsafe-statics' '-Wno-error=narrowing' '-MMD' '-flto'  '-D' 'F_CPU=16000000L' '-D' 'ARDUINO=108016' '-D' 'ARDUINO_AVR_UNO' '-D' 'ARDUINO_ARCH_AVR' '-v' '-o' 'CMakeFiles/cmTC_ebf5d.dir/CMakeCXXCompilerABI.cpp.o' '-specs=device-specs/specs-atmega328p' '-mmcu=avr5'
 /home/tanuq/dev/arduino-1.8.16/hardware/tools/avr/bin/../libexec/gcc/avr/7.3.0/cc1plus -quiet -v -imultilib avr5 -iprefix /home/tanuq/dev/arduino-1.8.16/hardware/tools/avr/bin/../lib/gcc/avr/7.3.0/ -MMD CMakeFiles/cmTC_ebf5d.dir/CMakeCXXCompilerABI.cpp.d -MQ CMakeFiles/cmTC_ebf5d.dir/CMakeCXXCompilerABI.cpp.o -D__AVR_ATmega328P__ -D__AVR_DEVICE_NAME__=atmega328p -D F_CPU=16000000L -D ARDUINO=108016 -D ARDUINO_AVR_UNO -D ARDUINO_ARCH_AVR /home/tanuq/dev/clion-2021.2.1/bin/cmake/linux/share/cmake-3.20/Modules/CMakeCXXCompilerABI.cpp -mn-flash=1 -mno-skip-bug -quiet -dumpbase CMakeCXXCompilerABI.cpp -mmcu=avr5 -auxbase-strip CMakeFiles/cmTC_ebf5d.dir/CMakeCXXCompilerABI.cpp.o -g -Os -Wno-error=narrowing -w -std=gnu++11 -version -fpermissive -fno-exceptions -ffunction-sections -fdata-sections -fno-threadsafe-statics -flto -mn-flash=1 -mno-skip-bug -fno-rtti -fno-enforce-eh-specs -fno-exceptions -o /tmp/ccePbMvK.s
GNU C++11 (GCC) version 7.3.0 (avr)
	compiled by GNU C version 4.7.2, GMP version 5.0.2, MPFR version 3.1.0, MPC version 0.9, isl version none
GGC heuristics: --param ggc-min-expand=100 --param ggc-min-heapsize=131072
ignoring nonexistent directory "/home/tanuq/dev/arduino-1.8.16/hardware/tools/avr/bin/../lib/gcc/avr/7.3.0/../../../../avr/include/c++/7.3.0"
ignoring nonexistent directory "/home/tanuq/dev/arduino-1.8.16/hardware/tools/avr/bin/../lib/gcc/avr/7.3.0/../../../../avr/include/c++/7.3.0/avr/avr5"
ignoring nonexistent directory "/home/tanuq/dev/arduino-1.8.16/hardware/tools/avr/bin/../lib/gcc/avr/7.3.0/../../../../avr/include/c++/7.3.0/backward"
ignoring nonexistent directory "/home/tanuq/dev/arduino-1.8.16/hardware/tools/avr/bin/../lib/gcc/avr/7.3.0/../../../../avr/sys-include"
ignoring nonexistent directory "/home/tanuq/dev/arduino-1.8.16/hardware/tools/avr/bin/../lib/gcc/../../lib/gcc/avr/7.3.0/../../../../avr/include/c++/7.3.0"
ignoring nonexistent directory "/home/tanuq/dev/arduino-1.8.16/hardware/tools/avr/bin/../lib/gcc/../../lib/gcc/avr/7.3.0/../../../../avr/include/c++/7.3.0/avr/avr5"
ignoring nonexistent directory "/home/tanuq/dev/arduino-1.8.16/hardware/tools/avr/bin/../lib/gcc/../../lib/gcc/avr/7.3.0/../../../../avr/include/c++/7.3.0/backward"
ignoring duplicate directory "/home/tanuq/dev/arduino-1.8.16/hardware/tools/avr/bin/../lib/gcc/../../lib/gcc/avr/7.3.0/include"
ignoring duplicate directory "/home/tanuq/dev/arduino-1.8.16/hardware/tools/avr/bin/../lib/gcc/../../lib/gcc/avr/7.3.0/include-fixed"
ignoring nonexistent directory "/home/tanuq/dev/arduino-1.8.16/hardware/tools/avr/bin/../lib/gcc/../../lib/gcc/avr/7.3.0/../../../../avr/sys-include"
ignoring duplicate directory "/home/tanuq/dev/arduino-1.8.16/hardware/tools/avr/bin/../lib/gcc/../../lib/gcc/avr/7.3.0/../../../../avr/include"
#include "..." search starts here:
#include <...> search starts here:
 /home/tanuq/dev/arduino-1.8.16/hardware/tools/avr/bin/../lib/gcc/avr/7.3.0/include
 /home/tanuq/dev/arduino-1.8.16/hardware/tools/avr/bin/../lib/gcc/avr/7.3.0/include-fixed
 /home/tanuq/dev/arduino-1.8.16/hardware/tools/avr/bin/../lib/gcc/avr/7.3.0/../../../../avr/include
End of search list.
GNU C++11 (GCC) version 7.3.0 (avr)
	compiled by GNU C version 4.7.2, GMP version 5.0.2, MPFR version 3.1.0, MPC version 0.9, isl version none
GGC heuristics: --param ggc-min-expand=100 --param ggc-min-heapsize=131072
Compiler executable checksum: 9c6d235b99e8a30dffa1915004724177
COLLECT_GCC_OPTIONS='-c' '-g' '-Os' '-w' '-std=gnu++11' '-fpermissive' '-fno-exceptions' '-ffunction-sections' '-fdata-sections' '-fno-threadsafe-statics' '-Wno-error=narrowing' '-MMD' '-flto'  '-D' 'F_CPU=16000000L' '-D' 'ARDUINO=108016' '-D' 'ARDUINO_AVR_UNO' '-D' 'ARDUINO_ARCH_AVR' '-v' '-o' 'CMakeFiles/cmTC_ebf5d.dir/CMakeCXXCompilerABI.cpp.o' '-specs=device-specs/specs-atmega328p' '-mmcu=avr5'
 /home/tanuq/dev/arduino-1.8.16/hardware/tools/avr/bin/../lib/gcc/avr/7.3.0/../../../../avr/bin/as -mmcu=avr5 -mno-skip-bug -o CMakeFiles/cmTC_ebf5d.dir/CMakeCXXCompilerABI.cpp.o /tmp/ccePbMvK.s
COMPILER_PATH=/home/tanuq/dev/arduino-1.8.16/hardware/tools/avr/bin/../libexec/gcc/avr/7.3.0/:/home/tanuq/dev/arduino-1.8.16/hardware/tools/avr/bin/../libexec/gcc/:/home/tanuq/dev/arduino-1.8.16/hardware/tools/avr/bin/../lib/gcc/avr/7.3.0/../../../../avr/bin/
LIBRARY_PATH=/home/tanuq/dev/arduino-1.8.16/hardware/tools/avr/bin/../lib/gcc/avr/7.3.0/avr5/:/home/tanuq/dev/arduino-1.8.16/hardware/tools/avr/bin/../lib/gcc/avr/7.3.0/../../../../avr/lib/avr5/:/home/tanuq/dev/arduino-1.8.16/hardware/tools/avr/bin/../lib/gcc/avr/7.3.0/:/home/tanuq/dev/arduino-1.8.16/hardware/tools/avr/bin/../lib/gcc/:/home/tanuq/dev/arduino-1.8.16/hardware/tools/avr/bin/../lib/gcc/avr/7.3.0/../../../../avr/lib/
COLLECT_GCC_OPTIONS='-c' '-g' '-Os' '-w' '-std=gnu++11' '-fpermissive' '-fno-exceptions' '-ffunction-sections' '-fdata-sections' '-fno-threadsafe-statics' '-Wno-error=narrowing' '-MMD' '-flto'  '-D' 'F_CPU=16000000L' '-D' 'ARDUINO=108016' '-D' 'ARDUINO_AVR_UNO' '-D' 'ARDUINO_ARCH_AVR' '-v' '-o' 'CMakeFiles/cmTC_ebf5d.dir/CMakeCXXCompilerABI.cpp.o' '-specs=device-specs/specs-atmega328p' '-mmcu=avr5'
Linking CXX static library libcmTC_ebf5d.a
/home/tanuq/dev/clion-2021.2.1/bin/cmake/linux/bin/cmake -P CMakeFiles/cmTC_ebf5d.dir/cmake_clean_target.cmake
/home/tanuq/dev/clion-2021.2.1/bin/cmake/linux/bin/cmake -E cmake_link_script CMakeFiles/cmTC_ebf5d.dir/link.txt --verbose=1
/home/tanuq/dev/arduino-1.8.16/hardware/tools/avr/bin/avr-gcc-ar  rcs  libcmTC_ebf5d.a CMakeFiles/cmTC_ebf5d.dir/CMakeCXXCompilerABI.cpp.o
gmake[1]: Leaving directory '/home/tanuq/dev/asao/cmake-build-release/CMakeFiles/CMakeTmp'



Parsed CXX implicit include dir info from above output: rv=done
  found start of include info
  found start of implicit include info
    add: [/home/tanuq/dev/arduino-1.8.16/hardware/tools/avr/bin/../lib/gcc/avr/7.3.0/include]
    add: [/home/tanuq/dev/arduino-1.8.16/hardware/tools/avr/bin/../lib/gcc/avr/7.3.0/include-fixed]
    add: [/home/tanuq/dev/arduino-1.8.16/hardware/tools/avr/bin/../lib/gcc/avr/7.3.0/../../../../avr/include]
  end of search list found
  collapse include dir [/home/tanuq/dev/arduino-1.8.16/hardware/tools/avr/bin/../lib/gcc/avr/7.3.0/include] ==> [/home/tanuq/dev/arduino-1.8.16/hardware/tools/avr/lib/gcc/avr/7.3.0/include]
  collapse include dir [/home/tanuq/dev/arduino-1.8.16/hardware/tools/avr/bin/../lib/gcc/avr/7.3.0/include-fixed] ==> [/home/tanuq/dev/arduino-1.8.16/hardware/tools/avr/lib/gcc/avr/7.3.0/include-fixed]
  collapse include dir [/home/tanuq/dev/arduino-1.8.16/hardware/tools/avr/bin/../lib/gcc/avr/7.3.0/../../../../avr/include] ==> [/home/tanuq/dev/arduino-1.8.16/hardware/tools/avr/avr/include]
  implicit include dirs: [/home/tanuq/dev/arduino-1.8.16/hardware/tools/avr/lib/gcc/avr/7.3.0/include;/home/tanuq/dev/arduino-1.8.16/hardware/tools/avr/lib/gcc/avr/7.3.0/include-fixed;/home/tanuq/dev/arduino-1.8.16/hardware/tools/avr/avr/include]


Parsed CXX implicit link information from above output:
  link line regex: [^( *|.*[/\])(avr-ld|CMAKE_LINK_STARTFILE-NOTFOUND|([^/\]+-)?ld|collect2)[^/\]*( |$)]
  ignore line: [Change Dir: /home/tanuq/dev/asao/cmake-build-release/CMakeFiles/CMakeTmp]
  ignore line: []
  ignore line: [Run Build Command(s):/usr/bin/gmake -f Makefile cmTC_ebf5d/fast && /usr/bin/gmake  -f CMakeFiles/cmTC_ebf5d.dir/build.make CMakeFiles/cmTC_ebf5d.dir/build]
  ignore line: [gmake[1]: Entering directory '/home/tanuq/dev/asao/cmake-build-release/CMakeFiles/CMakeTmp']
  ignore line: [Building CXX object CMakeFiles/cmTC_ebf5d.dir/CMakeCXXCompilerABI.cpp.o]
  ignore line: [/home/tanuq/dev/arduino-1.8.16/hardware/tools/avr/bin/avr-g++  -c -g -Os -w -std=gnu++11 -fpermissive -fno-exceptions -ffunction-sections -fdata-sections -fno-threadsafe-statics -Wno-error=narrowing -MMD -flto -mmcu=atmega328p -DF_CPU=16000000L -DARDUINO=108016 -DARDUINO_AVR_UNO -DARDUINO_ARCH_AVR     -v /home/tanuq/dev/clion-2021.2.1/bin/cmake/linux/share/cmake-3.20/Modules/CMakeCXXCompilerABI.cpp -o CMakeFiles/cmTC_ebf5d.dir/CMakeCXXCompilerABI.cpp.o]
  ignore line: [Using built-in specs.]
  ignore line: [Reading specs from /home/tanuq/dev/arduino-1.8.16/hardware/tools/avr/bin/../lib/gcc/avr/7.3.0/device-specs/specs-atmega328p]
  ignore line: [COLLECT_GCC=/home/tanuq/dev/arduino-1.8.16/hardware/tools/avr/bin/avr-g++]
  ignore line: [Target: avr]
  ignore line: [Configured with: ../gcc/configure --enable-fixed-point --enable-languages=c c++ --prefix=/home/jenkins/workspace/avr-gcc-staging/label/debian7-x86_64/objdir --disable-nls --disable-libssp --disable-libada --disable-shared --with-avrlibc=yes --with-dwarf2 --disable-doc --target=avr]
  ignore line: [Thread model: single]
  ignore line: [gcc version 7.3.0 (GCC) ]
  ignore line: [COLLECT_GCC_OPTIONS='-c' '-g' '-Os' '-w' '-std=gnu++11' '-fpermissive' '-fno-exceptions' '-ffunction-sections' '-fdata-sections' '-fno-threadsafe-statics' '-Wno-error=narrowing' '-MMD' '-flto'  '-D' 'F_CPU=16000000L' '-D' 'ARDUINO=108016' '-D' 'ARDUINO_AVR_UNO' '-D' 'ARDUINO_ARCH_AVR' '-v' '-o' 'CMakeFiles/cmTC_ebf5d.dir/CMakeCXXCompilerABI.cpp.o' '-specs=device-specs/specs-atmega328p' '-mmcu=avr5']
  ignore line: [ /home/tanuq/dev/arduino-1.8.16/hardware/tools/avr/bin/../libexec/gcc/avr/7.3.0/cc1plus -quiet -v -imultilib avr5 -iprefix /home/tanuq/dev/arduino-1.8.16/hardware/tools/avr/bin/../lib/gcc/avr/7.3.0/ -MMD CMakeFiles/cmTC_ebf5d.dir/CMakeCXXCompilerABI.cpp.d -MQ CMakeFiles/cmTC_ebf5d.dir/CMakeCXXCompilerABI.cpp.o -D__AVR_ATmega328P__ -D__AVR_DEVICE_NAME__=atmega328p -D F_CPU=16000000L -D ARDUINO=108016 -D ARDUINO_AVR_UNO -D ARDUINO_ARCH_AVR /home/tanuq/dev/clion-2021.2.1/bin/cmake/linux/share/cmake-3.20/Modules/CMakeCXXCompilerABI.cpp -mn-flash=1 -mno-skip-bug -quiet -dumpbase CMakeCXXCompilerABI.cpp -mmcu=avr5 -auxbase-strip CMakeFiles/cmTC_ebf5d.dir/CMakeCXXCompilerABI.cpp.o -g -Os -Wno-error=narrowing -w -std=gnu++11 -version -fpermissive -fno-exceptions -ffunction-sections -fdata-sections -fno-threadsafe-statics -flto -mn-flash=1 -mno-skip-bug -fno-rtti -fno-enforce-eh-specs -fno-exceptions -o /tmp/ccePbMvK.s]
  ignore line: [GNU C++11 (GCC) version 7.3.0 (avr)]
  ignore line: [	compiled by GNU C version 4.7.2  GMP version 5.0.2  MPFR version 3.1.0  MPC version 0.9  isl version none]
  ignore line: [GGC heuristics: --param ggc-min-expand=100 --param ggc-min-heapsize=131072]
  ignore line: [ignoring nonexistent directory "/home/tanuq/dev/arduino-1.8.16/hardware/tools/avr/bin/../lib/gcc/avr/7.3.0/../../../../avr/include/c++/7.3.0"]
  ignore line: [ignoring nonexistent directory "/home/tanuq/dev/arduino-1.8.16/hardware/tools/avr/bin/../lib/gcc/avr/7.3.0/../../../../avr/include/c++/7.3.0/avr/avr5"]
  ignore line: [ignoring nonexistent directory "/home/tanuq/dev/arduino-1.8.16/hardware/tools/avr/bin/../lib/gcc/avr/7.3.0/../../../../avr/include/c++/7.3.0/backward"]
  ignore line: [ignoring nonexistent directory "/home/tanuq/dev/arduino-1.8.16/hardware/tools/avr/bin/../lib/gcc/avr/7.3.0/../../../../avr/sys-include"]
  ignore line: [ignoring nonexistent directory "/home/tanuq/dev/arduino-1.8.16/hardware/tools/avr/bin/../lib/gcc/../../lib/gcc/avr/7.3.0/../../../../avr/include/c++/7.3.0"]
  ignore line: [ignoring nonexistent directory "/home/tanuq/dev/arduino-1.8.16/hardware/tools/avr/bin/../lib/gcc/../../lib/gcc/avr/7.3.0/../../../../avr/include/c++/7.3.0/avr/avr5"]
  ignore line: [ignoring nonexistent directory "/home/tanuq/dev/arduino-1.8.16/hardware/tools/avr/bin/../lib/gcc/../../lib/gcc/avr/7.3.0/../../../../avr/include/c++/7.3.0/backward"]
  ignore line: [ignoring duplicate directory "/home/tanuq/dev/arduino-1.8.16/hardware/tools/avr/bin/../lib/gcc/../../lib/gcc/avr/7.3.0/include"]
  ignore line: [ignoring duplicate directory "/home/tanuq/dev/arduino-1.8.16/hardware/tools/avr/bin/../lib/gcc/../../lib/gcc/avr/7.3.0/include-fixed"]
  ignore line: [ignoring nonexistent directory "/home/tanuq/dev/arduino-1.8.16/hardware/tools/avr/bin/../lib/gcc/../../lib/gcc/avr/7.3.0/../../../../avr/sys-include"]
  ignore line: [ignoring duplicate directory "/home/tanuq/dev/arduino-1.8.16/hardware/tools/avr/bin/../lib/gcc/../../lib/gcc/avr/7.3.0/../../../../avr/include"]
  ignore line: [#include "..." search starts here:]
  ignore line: [#include <...> search starts here:]
  ignore line: [ /home/tanuq/dev/arduino-1.8.16/hardware/tools/avr/bin/../lib/gcc/avr/7.3.0/include]
  ignore line: [ /home/tanuq/dev/arduino-1.8.16/hardware/tools/avr/bin/../lib/gcc/avr/7.3.0/include-fixed]
  ignore line: [ /home/tanuq/dev/arduino-1.8.16/hardware/tools/avr/bin/../lib/gcc/avr/7.3.0/../../../../avr/include]
  ignore line: [End of search list.]
  ignore line: [GNU C++11 (GCC) version 7.3.0 (avr)]
  ignore line: [	compiled by GNU C version 4.7.2  GMP version 5.0.2  MPFR version 3.1.0  MPC version 0.9  isl version none]
  ignore line: [GGC heuristics: --param ggc-min-expand=100 --param ggc-min-heapsize=131072]
  ignore line: [Compiler executable checksum: 9c6d235b99e8a30dffa1915004724177]
  ignore line: [COLLECT_GCC_OPTIONS='-c' '-g' '-Os' '-w' '-std=gnu++11' '-fpermissive' '-fno-exceptions' '-ffunction-sections' '-fdata-sections' '-fno-threadsafe-statics' '-Wno-error=narrowing' '-MMD' '-flto'  '-D' 'F_CPU=16000000L' '-D' 'ARDUINO=108016' '-D' 'ARDUINO_AVR_UNO' '-D' 'ARDUINO_ARCH_AVR' '-v' '-o' 'CMakeFiles/cmTC_ebf5d.dir/CMakeCXXCompilerABI.cpp.o' '-specs=device-specs/specs-atmega328p' '-mmcu=avr5']
  ignore line: [ /home/tanuq/dev/arduino-1.8.16/hardware/tools/avr/bin/../lib/gcc/avr/7.3.0/../../../../avr/bin/as -mmcu=avr5 -mno-skip-bug -o CMakeFiles/cmTC_ebf5d.dir/CMakeCXXCompilerABI.cpp.o /tmp/ccePbMvK.s]
  ignore line: [COMPILER_PATH=/home/tanuq/dev/arduino-1.8.16/hardware/tools/avr/bin/../libexec/gcc/avr/7.3.0/:/home/tanuq/dev/arduino-1.8.16/hardware/tools/avr/bin/../libexec/gcc/:/home/tanuq/dev/arduino-1.8.16/hardware/tools/avr/bin/../lib/gcc/avr/7.3.0/../../../../avr/bin/]
  ignore line: [LIBRARY_PATH=/home/tanuq/dev/arduino-1.8.16/hardware/tools/avr/bin/../lib/gcc/avr/7.3.0/avr5/:/home/tanuq/dev/arduino-1.8.16/hardware/tools/avr/bin/../lib/gcc/avr/7.3.0/../../../../avr/lib/avr5/:/home/tanuq/dev/arduino-1.8.16/hardware/tools/avr/bin/../lib/gcc/avr/7.3.0/:/home/tanuq/dev/arduino-1.8.16/hardware/tools/avr/bin/../lib/gcc/:/home/tanuq/dev/arduino-1.8.16/hardware/tools/avr/bin/../lib/gcc/avr/7.3.0/../../../../avr/lib/]
  ignore line: [COLLECT_GCC_OPTIONS='-c' '-g' '-Os' '-w' '-std=gnu++11' '-fpermissive' '-fno-exceptions' '-ffunction-sections' '-fdata-sections' '-fno-threadsafe-statics' '-Wno-error=narrowing' '-MMD' '-flto'  '-D' 'F_CPU=16000000L' '-D' 'ARDUINO=108016' '-D' 'ARDUINO_AVR_UNO' '-D' 'ARDUINO_ARCH_AVR' '-v' '-o' 'CMakeFiles/cmTC_ebf5d.dir/CMakeCXXCompilerABI.cpp.o' '-specs=device-specs/specs-atmega328p' '-mmcu=avr5']
  ignore line: [Linking CXX static library libcmTC_ebf5d.a]
  ignore line: [/home/tanuq/dev/clion-2021.2.1/bin/cmake/linux/bin/cmake -P CMakeFiles/cmTC_ebf5d.dir/cmake_clean_target.cmake]
  ignore line: [/home/tanuq/dev/clion-2021.2.1/bin/cmake/linux/bin/cmake -E cmake_link_script CMakeFiles/cmTC_ebf5d.dir/link.txt --verbose=1]
  ignore line: [/home/tanuq/dev/arduino-1.8.16/hardware/tools/avr/bin/avr-gcc-ar  rcs  libcmTC_ebf5d.a CMakeFiles/cmTC_ebf5d.dir/CMakeCXXCompilerABI.cpp.o]
  ignore line: [gmake[1]: Leaving directory '/home/tanuq/dev/asao/cmake-build-release/CMakeFiles/CMakeTmp']
  ignore line: []
  ignore line: []
  implicit libs: []
  implicit objs: []
  implicit dirs: []
  implicit fwks: []


